<?xml version="1.0" encoding="UTF-8"?>
<!-- Generated by org.testng.reporters.JUnitReportReporter -->
<testsuite skipped="0" hostname="LAPTOP-BL99EMON" name="testcases.CreateLead" tests="2" failures="0" timestamp="2022-01-09T17:46:19 IST" time="47.748" errors="0">
  <testcase name="createLead" time="19.472" classname="testcases.CreateLead"/>
  <system-out/>
  <testcase name="createLead" time="28.276" classname="testcases.CreateLead"/>
  <system-out/>
</testsuite> <!-- testcases.CreateLead -->
