<?xml version="1.0" encoding="UTF-8"?>
<!-- Generated by org.testng.reporters.JUnitReportReporter -->
<testsuite skipped="0" hostname="LAPTOP-BL99EMON" name="testcases.VerifyLogin" tests="1" failures="0" timestamp="2022-01-09T17:46:19 IST" time="19.032" errors="0">
  <testcase name="verifyLogin" time="19.032" classname="testcases.VerifyLogin"/>
  <system-out/>
</testsuite> <!-- testcases.VerifyLogin -->
